Determining if the pthread_create exist failed with the following output:
Change Dir: /home/metal-box/Desktop/CarND-Master/amakurin-CarND-Capstone-7f95aa2/ros/build/CMakeFiles/CMakeTmp

Run Build Command:"/usr/bin/make" "cmTryCompileExec2656406409/fast"
/usr/bin/make -f CMakeFiles/cmTryCompileExec2656406409.dir/build.make CMakeFiles/cmTryCompileExec2656406409.dir/build
make[1]: Entering directory '/home/metal-box/Desktop/CarND-Master/amakurin-CarND-Capstone-7f95aa2/ros/build/CMakeFiles/CMakeTmp'
/usr/local/bin/cmake -E cmake_progress_report /home/metal-box/Desktop/CarND-Master/amakurin-CarND-Capstone-7f95aa2/ros/build/CMakeFiles/CMakeTmp/CMakeFiles 1
Building C object CMakeFiles/cmTryCompileExec2656406409.dir/CheckSymbolExists.c.o
/usr/bin/cc    -o CMakeFiles/cmTryCompileExec2656406409.dir/CheckSymbolExists.c.o   -c /home/metal-box/Desktop/CarND-Master/amakurin-CarND-Capstone-7f95aa2/ros/build/CMakeFiles/CMakeTmp/CheckSymbolExists.c
Linking C executable cmTryCompileExec2656406409
/usr/local/bin/cmake -E cmake_link_script CMakeFiles/cmTryCompileExec2656406409.dir/link.txt --verbose=1
/usr/bin/cc       CMakeFiles/cmTryCompileExec2656406409.dir/CheckSymbolExists.c.o  -o cmTryCompileExec2656406409 -rdynamic 
CMakeFiles/cmTryCompileExec2656406409.dir/CheckSymbolExists.c.o: In function `main':
CheckSymbolExists.c:(.text+0x16): undefined reference to `pthread_create'
collect2: error: ld returned 1 exit status
CMakeFiles/cmTryCompileExec2656406409.dir/build.make:88: recipe for target 'cmTryCompileExec2656406409' failed
make[1]: Leaving directory '/home/metal-box/Desktop/CarND-Master/amakurin-CarND-Capstone-7f95aa2/ros/build/CMakeFiles/CMakeTmp'
make[1]: *** [cmTryCompileExec2656406409] Error 1
Makefile:117: recipe for target 'cmTryCompileExec2656406409/fast' failed
make: *** [cmTryCompileExec2656406409/fast] Error 2

File /home/metal-box/Desktop/CarND-Master/amakurin-CarND-Capstone-7f95aa2/ros/build/CMakeFiles/CMakeTmp/CheckSymbolExists.c:
/* */
#include <pthread.h>

int main(int argc, char** argv)
{
  (void)argv;
#ifndef pthread_create
  return ((int*)(&pthread_create))[argc];
#else
  (void)argc;
  return 0;
#endif
}

Determining if the function pthread_create exists in the pthreads failed with the following output:
Change Dir: /home/metal-box/Desktop/CarND-Master/amakurin-CarND-Capstone-7f95aa2/ros/build/CMakeFiles/CMakeTmp

Run Build Command:"/usr/bin/make" "cmTryCompileExec2932946578/fast"
/usr/bin/make -f CMakeFiles/cmTryCompileExec2932946578.dir/build.make CMakeFiles/cmTryCompileExec2932946578.dir/build
make[1]: Entering directory '/home/metal-box/Desktop/CarND-Master/amakurin-CarND-Capstone-7f95aa2/ros/build/CMakeFiles/CMakeTmp'
/usr/local/bin/cmake -E cmake_progress_report /home/metal-box/Desktop/CarND-Master/amakurin-CarND-Capstone-7f95aa2/ros/build/CMakeFiles/CMakeTmp/CMakeFiles 1
Building C object CMakeFiles/cmTryCompileExec2932946578.dir/CheckFunctionExists.c.o
/usr/bin/cc   -DCHECK_FUNCTION_EXISTS=pthread_create   -o CMakeFiles/cmTryCompileExec2932946578.dir/CheckFunctionExists.c.o   -c /usr/local/share/cmake-3.2/Modules/CheckFunctionExists.c
Linking C executable cmTryCompileExec2932946578
/usr/local/bin/cmake -E cmake_link_script CMakeFiles/cmTryCompileExec2932946578.dir/link.txt --verbose=1
/usr/bin/cc   -DCHECK_FUNCTION_EXISTS=pthread_create    CMakeFiles/cmTryCompileExec2932946578.dir/CheckFunctionExists.c.o  -o cmTryCompileExec2932946578 -rdynamic -lpthreads 
/usr/bin/ld: cannot find -lpthreads
collect2: error: ld returned 1 exit status
CMakeFiles/cmTryCompileExec2932946578.dir/build.make:88: recipe for target 'cmTryCompileExec2932946578' failed
make[1]: *** [cmTryCompileExec2932946578] Error 1
make[1]: Leaving directory '/home/metal-box/Desktop/CarND-Master/amakurin-CarND-Capstone-7f95aa2/ros/build/CMakeFiles/CMakeTmp'
Makefile:117: recipe for target 'cmTryCompileExec2932946578/fast' failed
make: *** [cmTryCompileExec2932946578/fast] Error 2


